2025-09-12T16:15:59+00:00 DEBUG #2743 - [New Request] POST /softwareformlmprueba/index.php
2025-09-12T16:15:59+00:00 DEBUG #2743 - GET https://api.woocommerce.com/integrations/ppc/v1/notifications/webhooks
Response: Array
(
    [code] => 404
    [message] => Not Found
)

Response Body: {"statusCode":404,"error":"Not Found","message":"Not Found"}
2025-09-12T16:15:59+00:00 ERROR #2743 - Failed to delete webhooks: [Error] Not Found
2025-09-12T16:15:59+00:00 INFO #2743 - Webhooks deleted.
2025-09-12T16:15:59+00:00 DEBUG #2743 - POST https://api.woocommerce.com/integrations/ppc/v1/notifications/webhooks
Request Body: {"url":"https:\/\/127.0.0.1\/softwareformlmprueba\/index.php?rest_route=\/paypal\/v1\/incoming","event_types":[{"name":"CHECKOUT.ORDER.APPROVED"},{"name":"CHECKOUT.ORDER.COMPLETED"},{"name":"CHECKOUT.PAYMENT-APPROVAL.REVERSED"},{"name":"PAYMENT.CAPTURE.REFUNDED"},{"name":"PAYMENT.AUTHORIZATION.VOIDED"},{"name":"PAYMENT.CAPTURE.REVERSED"},{"name":"PAYMENT.ORDER.CANCELLED"},{"name":"PAYMENT.CAPTURE.DENIED"},{"name":"PAYMENT.CAPTURE.COMPLETED"},{"name":"VAULT.PAYMENT-TOKEN.CREATED"},{"name":"VAULT.PAYMENT-TOKEN.DELETED"},{"name":"PAYMENT.CAPTURE.PENDING"},{"name":"PAYMENT.SALE.COMPLETED"},{"name":"PAYMENT.SALE.REFUNDED"},{"name":"BILLING.SUBSCRIPTION.CANCELLED"},{"name":"BILLING.PLAN.PRICING-CHANGE.ACTIVATED"},{"name":"CATALOG.PRODUCT.UPDATED"},{"name":"BILLING.PLAN.UPDATED"}]}
Response: Array
(
    [code] => 404
    [message] => Not Found
)

Response Body: {"statusCode":404,"error":"Not Found","message":"Not Found"}
2025-09-12T16:15:59+00:00 ERROR #2743 - Failed to subscribe webhooks: [Error] Not Found
2025-09-12T16:16:12+00:00 DEBUG #5815 - [New Request] GET /softwareformlmprueba/wp-admin/admin.php
2025-09-12T16:16:12+00:00 DEBUG #5815 - GET https://api.woocommerce.com/integrations/ppc/v1/customer/partners/K8SKZ36LQBWXJ/merchant-integrations/
Response: Array
(
    [code] => 404
    [message] => Not Found
)

Response Body: {"statusCode":404,"error":"Not Found","message":"Not Found"}
2025-09-12T16:16:12+00:00 WARNING #5815 - [Error] Not Found CONTEXT: {"args":{"method":"GET","headers":{"Authorization":"Bearer token","Content-Type":"application/json"}},"response":{"headers":{},"body":"{"statusCode":404,"error":"Not Found","message":"Not Found"}","response":{"code":404,"message":"Not Found"},"cookies":[],"filename":null,"http_response":{"data":null,"headers":null,"status":null}}}
2025-09-12T16:16:14+00:00 DEBUG #9397 - [New Request] GET /softwareformlmprueba/index.php
2025-09-12T16:16:14+00:00 DEBUG #9397 - GET https://api.woocommerce.com/integrations/ppc/v1/notifications/webhooks
Response: Array
(
    [code] => 404
    [message] => Not Found
)

Response Body: {"statusCode":404,"error":"Not Found","message":"Not Found"}
2025-09-12T16:16:28+00:00 DEBUG #8595 - [New Request] POST /softwareformlmprueba/index.php
2025-09-12T16:16:28+00:00 INFO #8595 - Generating onboarding URL for: production-express_checkout-usecardpayments
2025-09-12T16:16:28+00:00 DEBUG #8595 - POST https://api.woocommerce.com/integrations/ppc/v2/customer/partner-referrals
Request Body: {"partner_config_override":{"return_url":"https:\/\/127.0.0.1\/softwareformlmprueba\/wp-admin\/admin.php?page=wc-settings&tab=checkout&section=ppcp-gateway&ppcpToken=eyJrIjoicHJvZHVjdGlvbi1leHByZXNzX2NoZWNrb3V0LXVzZWNhcmRwYXltZW50cyIsInUiOjEsImgiOiI0Mjg0NTlhYWNhMmIyYTkxNjlmMWJhNWM2MWU5ZTk1YSJ9","return_url_description":"Return to your shop.","show_add_credit_card":true},"products":["PPCP","ADVANCED_VAULTING"],"capabilities":["PAYPAL_WALLET_VAULTING_ADVANCED"],"legal_consents":[{"type":"SHARE_DATA_CONSENT","granted":true}],"operations":[{"operation":"API_INTEGRATION","api_integration_preference":{"rest_api_integration":{"integration_method":"PAYPAL","integration_type":"FIRST_PARTY","first_party_details":{"features":["PAYMENT","REFUND","ADVANCED_TRANSACTIONS_SEARCH","TRACKING_SHIPMENT_READWRITE","BILLING_AGREEMENT","VAULT","FUTURE_PAYMENT"],"seller_nonce":"a1233wtergfsdt4365tzrshgfbaewa36AGa1233wtergfsdt4365tzrshgfbaewa36AG"}}}}]}
Response Debug ID: 3cb0e6d9937a4
Response: Array
(
    [code] => 201
    [message] => Created
)

2025-09-12T16:22:57+00:00 DEBUG #2308 - [New Request] GET /softwareformlmprueba/index.php
2025-09-12T16:22:57+00:00 DEBUG #2308 - GET https://api.woocommerce.com/integrations/ppc/v1/notifications/webhooks
Response: Array
(
    [code] => 404
    [message] => Not Found
)

Response Body: {"statusCode":404,"error":"Not Found","message":"Not Found"}
2025-09-12T16:22:58+00:00 DEBUG #3495 - [New Request] POST /softwareformlmprueba/index.php
2025-09-12T16:22:58+00:00 DEBUG #3495 - Loaded onboarding URL from cache: production-express_checkout-usecardpayments
2025-09-12T16:22:58+00:00 INFO #3495 - Using cached onboarding URL for: production-express_checkout-usecardpayments
2025-09-12T16:22:59+00:00 DEBUG #2166 - [New Request] POST /softwareformlmprueba/index.php
2025-09-12T16:22:59+00:00 DEBUG #2166 - Loaded onboarding URL from cache: production-express_checkout-usecardpayments
2025-09-12T16:22:59+00:00 INFO #2166 - Using cached onboarding URL for: production-express_checkout-usecardpayments
2025-09-12T16:22:59+00:00 DEBUG #4378 - [New Request] POST /softwareformlmprueba/index.php
2025-09-12T16:22:59+00:00 DEBUG #4378 - Loaded onboarding URL from cache: production-express_checkout-usecardpayments
2025-09-12T16:22:59+00:00 INFO #4378 - Using cached onboarding URL for: production-express_checkout-usecardpayments
2025-09-12T16:23:12+00:00 DEBUG #6651 - [New Request] POST /softwareformlmprueba/index.php
2025-09-12T16:23:12+00:00 DEBUG #6651 - Loaded onboarding URL from cache: production-express_checkout-usecardpayments
2025-09-12T16:23:12+00:00 INFO #6651 - Using cached onboarding URL for: production-express_checkout-usecardpayments
2025-09-12T16:23:12+00:00 DEBUG #8108 - [New Request] POST /softwareformlmprueba/index.php
2025-09-12T16:23:12+00:00 DEBUG #8108 - Loaded onboarding URL from cache: production-express_checkout-usecardpayments
2025-09-12T16:23:12+00:00 INFO #8108 - Using cached onboarding URL for: production-express_checkout-usecardpayments
